<?xml version="1.0" encoding="UTF-8"?>
<!-- Generated by org.testng.reporters.JUnitReportReporter -->
<testsuite hostname="Shivam" name="testScripts.TC_gmail" tests="1" failures="0" timestamp="4 Sep 2018 04:26:23 GMT" time="12.031" errors="0">
  <testcase name="browse_script" time="12.031" classname="testScripts.TC_gmail"/>
</testsuite> <!-- testScripts.TC_gmail -->
