<?xml version="1.0" encoding="UTF-8"?>
<!-- Generated by org.testng.reporters.JUnitReportReporter -->
<testsuite hostname="Shivam" name="testScripts.flight_booking" tests="1" failures="0" timestamp="15 Feb 2020 09:57:08 GMT" time="0.052" errors="0">
  <testcase name="flightbooking" time="0.052" classname="testScripts.flight_booking"/>
</testsuite> <!-- testScripts.flight_booking -->
