<?xml version="1.0" encoding="UTF-8"?>
<!-- Generated by org.testng.reporters.JUnitReportReporter -->
<testsuite hostname="Shivam" name="testScripts.TC_flightregistration" tests="1" failures="0" timestamp="2 Sep 2018 20:17:14 GMT" time="12.480" errors="0">
  <testcase name="flightregistration" time="12.480" classname="testScripts.TC_flightregistration"/>
</testsuite> <!-- testScripts.TC_flightregistration -->
